0 info it worked if it ends with ok
1 verbose cli [ 'C:\\Program Files\\nodejs\\node.exe',
1 verbose cli   'C:\\Program Files\\nodejs\\node_modules\\npm\\bin\\npm-cli.js',
1 verbose cli   'run',
1 verbose cli   'test-travis' ]
2 info using npm@3.10.3
3 info using node@v6.3.1
4 verbose run-script [ 'pretest-travis', 'test-travis', 'posttest-travis' ]
5 info lifecycle ng2-power-table@0.1.0~pretest-travis: ng2-power-table@0.1.0
6 silly lifecycle ng2-power-table@0.1.0~pretest-travis: no script for pretest-travis, continuing
7 info lifecycle ng2-power-table@0.1.0~test-travis: ng2-power-table@0.1.0
8 verbose lifecycle ng2-power-table@0.1.0~test-travis: unsafe-perm in lifecycle true
9 verbose lifecycle ng2-power-table@0.1.0~test-travis: PATH: C:\Program Files\nodejs\node_modules\npm\bin\node-gyp-bin;C:\Dev\HoveyTech\ng2-power-table\node_modules\.bin;C:\Program Files\nodejs;C:\Users\David Hovey\bin;C:\Program Files\Git\mingw64\bin;C:\Program Files\Git\usr\local\bin;C:\Program Files\Git\usr\bin;C:\Program Files\Git\usr\bin;C:\Program Files\Git\mingw64\bin;C:\Program Files\Git\usr\bin;C:\Users\David Hovey\bin;C:\ProgramData\Oracle\Java\javapath;C:\WINDOWS\system32;C:\WINDOWS;C:\WINDOWS\System32\Wbem;C:\WINDOWS\System32\WindowsPowerShell\v1.0;C:\Program Files (x86)\Microsoft SQL Server\130\DTS\Binn;C:\Program Files\Microsoft SQL Server\130\DTS\Binn;C:\Program Files\Microsoft SQL Server\Client SDK\ODBC\130\Tools\Binn;C:\Program Files (x86)\Microsoft SQL Server\130\Tools\Binn;C:\Program Files\Microsoft SQL Server\130\Tools\Binn;C:\Program Files (x86)\Microsoft SQL Server\Client SDK\ODBC\130\Tools\Binn;C:\Program Files (x86)\Microsoft SQL Server\130\Tools\Binn\ManagementStudio;C:\Program Files\Microsoft SQL Server\120\Tools\Binn;C:\Program Files (x86)\Microsoft Emulator Manager\1.0;C:\Program Files\Git\cmd;C:\Program Files\nodejs;C:\Program Files (x86)\Microsoft SQL Server\110\DTS\Binn;C:\Program Files (x86)\Microsoft SQL Server\120\DTS\Binn;C:\Program Files\dotnet;C:\Program Files\Microsoft\Web Platform Installer;C:\Users\David Hovey\AppData\Roaming\npm;C:\Users\David Hovey\AppData\Local\Microsoft\WindowsApps;C:\Program Files (x86)\Microsoft VS Code\bin;C:\program files\docker;C:\Program Files\Docker;C:\Program Files\Git\usr\bin\vendor_perl;C:\Program Files\Git\usr\bin\core_perl
10 verbose lifecycle ng2-power-table@0.1.0~test-travis: CWD: C:\Dev\HoveyTech\ng2-power-table
11 silly lifecycle ng2-power-table@0.1.0~test-travis: Args: [ '/d /s /c',
11 silly lifecycle   'ntsc && ./node_modules/.bin/karma start --browsers Firefox --single-run' ]
12 silly lifecycle ng2-power-table@0.1.0~test-travis: Returned: code: 1  signal: null
13 info lifecycle ng2-power-table@0.1.0~test-travis: Failed to exec test-travis script
14 verbose stack Error: ng2-power-table@0.1.0 test-travis: `ntsc && ./node_modules/.bin/karma start --browsers Firefox --single-run`
14 verbose stack Exit status 1
14 verbose stack     at EventEmitter.<anonymous> (C:\Program Files\nodejs\node_modules\npm\lib\utils\lifecycle.js:242:16)
14 verbose stack     at emitTwo (events.js:106:13)
14 verbose stack     at EventEmitter.emit (events.js:191:7)
14 verbose stack     at ChildProcess.<anonymous> (C:\Program Files\nodejs\node_modules\npm\lib\utils\spawn.js:40:14)
14 verbose stack     at emitTwo (events.js:106:13)
14 verbose stack     at ChildProcess.emit (events.js:191:7)
14 verbose stack     at maybeClose (internal/child_process.js:852:16)
14 verbose stack     at Process.ChildProcess._handle.onexit (internal/child_process.js:215:5)
15 verbose pkgid ng2-power-table@0.1.0
16 verbose cwd C:\Dev\HoveyTech\ng2-power-table
17 error Windows_NT 10.0.14393
18 error argv "C:\\Program Files\\nodejs\\node.exe" "C:\\Program Files\\nodejs\\node_modules\\npm\\bin\\npm-cli.js" "run" "test-travis"
19 error node v6.3.1
20 error npm  v3.10.3
21 error code ELIFECYCLE
22 error ng2-power-table@0.1.0 test-travis: `ntsc && ./node_modules/.bin/karma start --browsers Firefox --single-run`
22 error Exit status 1
23 error Failed at the ng2-power-table@0.1.0 test-travis script 'ntsc && ./node_modules/.bin/karma start --browsers Firefox --single-run'.
23 error Make sure you have the latest version of node.js and npm installed.
23 error If you do, this is most likely a problem with the ng2-power-table package,
23 error not with npm itself.
23 error Tell the author that this fails on your system:
23 error     ntsc && ./node_modules/.bin/karma start --browsers Firefox --single-run
23 error You can get information on how to open an issue for this project with:
23 error     npm bugs ng2-power-table
23 error Or if that isn't available, you can get their info via:
23 error     npm owner ls ng2-power-table
23 error There is likely additional logging output above.
24 verbose exit [ 1, true ]
